[2019-01-18 20:24:40] local.ERROR: Class 'GrahamCampbell\Markdown\MarkdownServiceProvider' not found {"exception":"[object] (Symfony\\Component\\Debug\\Exception\\FatalThrowableError(code: 0): Class 'GrahamCampbell\\Markdown\\MarkdownServiceProvider' not found at /home/uehara/Desktop/news_webPage-master/vendor/laravel/framework/src/Illuminate/Foundation/ProviderRepository.php:208)
[stacktrace]
#0 /home/uehara/Desktop/news_webPage-master/vendor/laravel/framework/src/Illuminate/Foundation/ProviderRepository.php(144): Illuminate\\Foundation\\ProviderRepository->createProvider('GrahamCampbell\\\\...')
#1 /home/uehara/Desktop/news_webPage-master/vendor/laravel/framework/src/Illuminate/Foundation/ProviderRepository.php(61): Illuminate\\Foundation\\ProviderRepository->compileManifest(Array)
#2 /home/uehara/Desktop/news_webPage-master/vendor/laravel/framework/src/Illuminate/Foundation/Application.php(550): Illuminate\\Foundation\\ProviderRepository->load(Array)
#3 /home/uehara/Desktop/news_webPage-master/vendor/laravel/framework/src/Illuminate/Foundation/Bootstrap/RegisterProviders.php(17): Illuminate\\Foundation\\Application->registerConfiguredProviders()
#4 /home/uehara/Desktop/news_webPage-master/vendor/laravel/framework/src/Illuminate/Foundation/Application.php(204): Illuminate\\Foundation\\Bootstrap\\RegisterProviders->bootstrap(Object(Illuminate\\Foundation\\Application))
#5 /home/uehara/Desktop/news_webPage-master/vendor/laravel/framework/src/Illuminate/Foundation/Console/Kernel.php(297): Illuminate\\Foundation\\Application->bootstrapWith(Array)
#6 /home/uehara/Desktop/news_webPage-master/vendor/laravel/framework/src/Illuminate/Foundation/Console/Kernel.php(120): Illuminate\\Foundation\\Console\\Kernel->bootstrap()
#7 /home/uehara/Desktop/news_webPage-master/artisan(37): Illuminate\\Foundation\\Console\\Kernel->handle(Object(Symfony\\Component\\Console\\Input\\ArgvInput), Object(Symfony\\Component\\Console\\Output\\ConsoleOutput))
#8 {main}
"} 
[2019-01-18 20:33:22] local.ERROR: Class 'GrahamCampbell\Markdown\MarkdownServiceProvider' not found {"exception":"[object] (Symfony\\Component\\Debug\\Exception\\FatalThrowableError(code: 0): Class 'GrahamCampbell\\Markdown\\MarkdownServiceProvider' not found at /home/uehara/Desktop/news_webPage-master/vendor/laravel/framework/src/Illuminate/Foundation/ProviderRepository.php:208)
[stacktrace]
#0 /home/uehara/Desktop/news_webPage-master/vendor/laravel/framework/src/Illuminate/Foundation/ProviderRepository.php(144): Illuminate\\Foundation\\ProviderRepository->createProvider('GrahamCampbell\\\\...')
#1 /home/uehara/Desktop/news_webPage-master/vendor/laravel/framework/src/Illuminate/Foundation/ProviderRepository.php(61): Illuminate\\Foundation\\ProviderRepository->compileManifest(Array)
#2 /home/uehara/Desktop/news_webPage-master/vendor/laravel/framework/src/Illuminate/Foundation/Application.php(550): Illuminate\\Foundation\\ProviderRepository->load(Array)
#3 /home/uehara/Desktop/news_webPage-master/vendor/laravel/framework/src/Illuminate/Foundation/Bootstrap/RegisterProviders.php(17): Illuminate\\Foundation\\Application->registerConfiguredProviders()
#4 /home/uehara/Desktop/news_webPage-master/vendor/laravel/framework/src/Illuminate/Foundation/Application.php(204): Illuminate\\Foundation\\Bootstrap\\RegisterProviders->bootstrap(Object(Illuminate\\Foundation\\Application))
#5 /home/uehara/Desktop/news_webPage-master/vendor/laravel/framework/src/Illuminate/Foundation/Console/Kernel.php(297): Illuminate\\Foundation\\Application->bootstrapWith(Array)
#6 /home/uehara/Desktop/news_webPage-master/vendor/laravel/framework/src/Illuminate/Foundation/Console/Kernel.php(120): Illuminate\\Foundation\\Console\\Kernel->bootstrap()
#7 /home/uehara/Desktop/news_webPage-master/artisan(37): Illuminate\\Foundation\\Console\\Kernel->handle(Object(Symfony\\Component\\Console\\Input\\ArgvInput), Object(Symfony\\Component\\Console\\Output\\ConsoleOutput))
#8 {main}
"} 
[2019-01-18 20:53:15] local.ERROR: Class 'GrahamCampbell\Markdown\MarkdownServiceProvider' not found {"exception":"[object] (Symfony\\Compon[2019-01-18 20:58:14] local.ERROR: Class 'GrahamCampbell\Markdown\MarkdownServiceProvider' not found {"exception":"[object] (Symfony\\Component\\Debug\\Exception\\FatalThrowableError(code: 0): Class 'GrahamCampbell\\Markdown\\MarkdownServiceProvider' not found at /home/uehara/Desktop/news_webPage-master/vendor/laravel/framework/src/Illuminate/Foundation/ProviderRepository.php:208)
[stacktrace]
#0 /home/uehara/Desktop/news_webPage-master/vendor/laravel/framework/src/Illuminate/Foundation/ProviderRepository.php(144): Illuminate\\Foundation\\ProviderRepository->createProvider('GrahamCampbell\\\\...')
#1 /home/uehara/Desktop/news_webPage-master/vendor/laravel/framework/src/Illuminate/Foundation/ProviderRepository.php(61): Illuminate\\Foundation\\ProviderRepository->compileManifest(Array)
#2 /home/uehara/Desktop/news_webPage-master/vendor/laravel/framework/src/Illuminate/Foundation/Application.php(550): Illuminate\\Foundation\\ProviderRepository->load(Array)
#3 /home/uehara/Desktop/news_webPage-master/vendor/laravel/framework/src/Illuminate/Foundation/Bootstrap/RegisterProviders.php(17): Illuminate\\Foundation\\Application->registerConfiguredProviders()
#4 /home/uehara/Desktop/news_webPage-master/vendor/laravel/framework/src/Illuminate/Foundation/Application.php(204): Illuminate\\Foundation\\Bootstrap\\RegisterProviders->bootstrap(Object(Illuminate\\Foundation\\Application))
#5 /home/uehara/Desktop/news_webPage-master/vendor/laravel/framework/src/Illuminate/Foundation/Console/Kernel.php(297): Illuminate\\Foundation\\Application->bootstrapWith(Array)
#6 /home/uehara/Desktop/news_webPage-master/vendor/laravel/framework/src/Illuminate/Foundation/Console/Kernel.php(120): Illuminate\\Foundation\\Console\\Kernel->bootstrap()
#7 /home/uehara/Desktop/news_webPage-master/artisan(37): Illuminate\\Foundation\\Console\\Kernel->handle(Object(Symfony\\Component\\Console\\Input\\ArgvInput), Object(Symfony\\Component\\Console\\Output\\ConsoleOutput))
#8 {main}
"} 
[2019-01-18 20:58:57] local.ERROR: Class 'GrahamCampbell\Markdown\MarkdownServiceProvider' not found {"exception":"[object] (Symfony\\Component\\Debug\\Exception\\FatalThrowableError(code: 0): Class 'GrahamCampbell\\Markdown\\MarkdownServiceProvider' not found at /home/uehara/Desktop/news_webPage-master/vendor/laravel/framework/src/Illuminate/Foundation/ProviderRepository.php:208)
[stacktrace]
#0 /home/uehara/Desktop/news_webPage-master/vendor/laravel/framework/src/Illuminate/Foundation/ProviderRepository.php(144): Illuminate\\Foundation\\ProviderRepository->createProvider('GrahamCampbell\\\\...')
#1 /home/uehara/Desktop/news_webPage-master/vendor/laravel/framework/src/Illuminate/Foundation/ProviderRepository.php(61): Illuminate\\Foundation\\ProviderRepository->compileManifest(Array)
#2 /home/uehara/Desktop/news_webPage-master/vendor/laravel/framework/src/Illuminate/Foundation/Application.php(550): Illuminate\\Foundation\\ProviderRepository->load(Array)
#3 /home/uehara/Desktop/news_webPage-master/vendor/laravel/framework/src/Illuminate/Foundation/Bootstrap/RegisterProviders.php(17): Illuminate\\Foundation\\Application->registerConfiguredProviders()
#4 /home/uehara/Desktop/news_webPage-master/vendor/laravel/framework/src/Illuminate/Foundation/Application.php(204): Illuminate\\Foundation\\Bootstrap\\RegisterProviders->bootstrap(Object(Illuminate\\Foundation\\Application))
#5 /home/uehara/Desktop/news_webPage-master/vendor/laravel/framework/src/Illuminate/Foundation/Console/Kernel.php(297): Illuminate\\Foundation\\Application->bootstrapWith(Array)
#6 /home/uehara/Desktop/news_webPage-master/vendor/laravel/framework/src/Illuminate/Foundation/Console/Kernel.php(120): Illuminate\\Foundation\\Console\\Kernel->bootstrap()
#7 /home/uehara/Desktop/news_webPage-master/artisan(37): Illuminate\\Foundation\\Console\\Kernel->handle(Object(Symfony\\Component\\Console\\Input\\ArgvInput), Object(Symfony\\Component\\Console\\Output\\ConsoleOutput))
#8 {main}
"} 
[2019-01-18 21:01:14] local.ERROR: Class 'GrahamCampbell\Markdown\MarkdownServiceProvider' not found {"exception":"[object] (Symfony\\Component\\Debug\\Exception\\FatalThrowableError(code: 0): Class 'GrahamCampbell\\Markdown\\MarkdownServiceProvider' not found at /home/uehara/Desktop/news_webPage-master/vendor/laravel/framework/src/Illuminate/Foundation/ProviderRepository.php:208)
[stacktrace]
#0 /home/uehara/Desktop/news_webPage-master/vendor/laravel/framework/src/Illuminate/Foundation/ProviderRepository.php(144): Illuminate\\Foundation\\ProviderRepository->createProvider('GrahamCampbell\\\\...')
#1 /home/uehara/Desktop/news_webPage-master/vendor/laravel/framework/src/Illuminate/Foundation/ProviderRepository.php(61): Illuminate\\Foundation\\ProviderRepository->compileManifest(Array)
#2 /home/uehara/Desktop/news_webPage-master/vendor/laravel/framework/src/Illuminate/Foundation/Application.php(550): Illuminate\\Foundation\\ProviderRepository->load(Array)
#3 /home/uehara/Desktop/news_webPage-master/vendor/laravel/framework/src/Illuminate/Foundation/Bootstrap/RegisterProviders.php(17): Illuminate\\Foundation\\Application->registerConfiguredProviders()
#4 /home/uehara/Desktop/news_webPage-master/vendor/laravel/framework/src/Illuminate/Foundation/Application.php(204): Illuminate\\Foundation\\Bootstrap\\RegisterProviders->bootstrap(Object(Illuminate\\Foundation\\Application))
#5 /home/uehara/Desktop/news_webPage-master/vendor/laravel/framework/src/Illuminate/Foundation/Console/Kernel.php(297): Illuminate\\Foundation\\Application->bootstrapWith(Array)
#6 /home/uehara/Desktop/news_webPage-master/vendor/laravel/framework/src/Illuminate/Foundation/Console/Kernel.php(120): Illuminate\\Foundation\\Console\\Kernel->bootstrap()
#7 /home/uehara/Desktop/news_webPage-master/artisan(37): Illuminate\\Foundation\\Console\\Kernel->handle(Object(Symfony\\Component\\Console\\Input\\ArgvInput), Object(Symfony\\Component\\Console\\Output\\ConsoleOutput))
#8 {main}
"} 
[2019-01-18 21:02:07] local.ERROR: Class 'GrahamCampbell\Markdown\MarkdownServiceProvider' not found {"exception":"[object] (Symfony\\Component\\Debug\\Exception\\FatalThrowableError(code: 0): Class 'GrahamCampbell\\Markdown\\MarkdownServiceProvider' not found at /home/uehara/Desktop/news_webPage-master/vendor/laravel/framework/src/Illuminate/Foundation/ProviderRepository.php:208)
[stacktrace]
#0 /home/uehara/Desktop/news_webPage-master/vendor/laravel/framework/src/Illuminate/Foundation/ProviderRepository.php(144): Illuminate\\Foundation\\ProviderRepository->createProvider('GrahamCampbell\\\\...')
#1 /home/uehara/Desktop/news_webPage-master/vendor/laravel/framework/src/Illuminate/Foundation/ProviderRepository.php(61): Illuminate\\Foundation\\ProviderRepository->compileManifest(Array)
#2 /home/uehara/Desktop/news_webPage-master/vendor/laravel/framework/src/Illuminate/Foundation/Application.php(550): Illuminate\\Foundation\\ProviderRepository->load(Array)
#3 /home/uehara/Desktop/news_webPage-master/vendor/laravel/framework/src/Illuminate/Foundation/Bootstrap/RegisterProviders.php(17): Illuminate\\Foundation\\Application->registerConfiguredProviders()
#4 /home/uehara/Desktop/news_webPage-master/vendor/laravel/framework/src/Illuminate/Foundation/Application.php(204): Illuminate\\Foundation\\Bootstrap\\RegisterProviders->bootstrap(Object(Illuminate\\Foundation\\Application))
#5 /home/uehara/Desktop/news_webPage-master/vendor/laravel/framework/src/Illuminate/Foundation/Console/Kernel.php(297): Illuminate\\Foundation\\Application->bootstrapWith(Array)
#6 /home/uehara/Desktop/news_webPage-master/vendor/laravel/framework/src/Illuminate/Foundation/Console/Kernel.php(120): Illuminate\\Foundation\\Console\\Kernel->bootstrap()
#7 /home/uehara/Desktop/news_webPage-master/artisan(37): Illuminate\\Foundation\\Console\\Kernel->handle(Object(Symfony\\Component\\Console\\Input\\ArgvInput), Object(Symfony\\Component\\Console\\Output\\ConsoleOutput))
#8 {main}
"} 
